Connecting to PostgreSQL: aibook.nuvolaproject.cloud:5432
Using database: brainstorm_db
Server running on port 5001 and listening on all network interfaces
API accessible locally at http://localhost:5001/api
API accessible on the network at http://[your-ip]:5001/api
Connecting to PostgreSQL: aibook.nuvolaproject.cloud:5432
Using database: brainstorm_db
Server running on port 5001 and listening on all network interfaces
API accessible locally at http://localhost:5001/api
API accessible on the network at http://[your-ip]:5001/api
Connecting to PostgreSQL: aibook.nuvolaproject.cloud:5432
Using database: brainstorm_db
Server running on port 5001 and listening on all network interfaces
API accessible locally at http://localhost:5001/api
API accessible on the network at http://[your-ip]:5001/api
Connecting to PostgreSQL: aibook.nuvolaproject.cloud:5432
Using database: brainstorm_db
Server running on port 5001 and listening on all network interfaces
API accessible locally at http://localhost:5001/api
API accessible on the network at http://[your-ip]:5001/api
Connecting to PostgreSQL: aibook.nuvolaproject.cloud:5432
Using database: brainstorm_db
Server running on port 5001 and listening on all network interfaces
API accessible locally at http://nuvolaproject.mooo.com:5001/api
API accessible on the network at http://[your-ip]:5001/api
